<?xml version="1.0" encoding="UTF-8"?>
<coverage generated="1673993506929" clover="3.2.0">
  <project timestamp="1673993506930" name="All files">
    <metrics statements="15" coveredstatements="14" conditionals="5" coveredconditionals="4" methods="5" coveredmethods="5" elements="25" coveredelements="23" complexity="0" loc="15" ncloc="15" packages="1" files="1" classes="1"/>
    <file name="useStorage.ts" path="/home/ben/projects/toolkit/react/src/hooks/useStorage.ts">
      <metrics statements="15" coveredstatements="14" conditionals="5" coveredconditionals="4" methods="5" coveredmethods="5"/>
      <line num="11" count="1" type="stmt"/>
      <line num="16" count="8" type="stmt"/>
      <line num="17" count="8" type="cond" truecount="2" falsecount="0"/>
      <line num="19" count="8" type="stmt"/>
      <line num="21" count="11" type="stmt"/>
      <line num="22" count="11" type="stmt"/>
      <line num="27" count="8" type="stmt"/>
      <line num="29" count="8" type="stmt"/>
      <line num="31" count="8" type="stmt"/>
      <line num="32" count="7" type="stmt"/>
      <line num="34" count="7" type="stmt"/>
      <line num="36" count="7" type="cond" truecount="1" falsecount="1"/>
      <line num="37" count="0" type="stmt"/>
      <line num="39" count="7" type="stmt"/>
      <line num="43" count="8" type="stmt"/>
    </file>
  </project>
</coverage>
