{"/home/ben/projects/toolkit/react/src/hooks/useStorage.ts": {"path":"/home/ben/projects/toolkit/react/src/hooks/useStorage.ts","statementMap":{"0":{"start":{"line":11,"column":26},"end":{"line":48,"column":1}},"1":{"start":{"line":16,"column":28},"end":{"line":16,"column":50}},"2":{"start":{"line":17,"column":18},"end":{"line":17,"column":73}},"3":{"start":{"line":19,"column":18},"end":{"line":25,"column":3}},"4":{"start":{"line":21,"column":6},"end":{"line":21,"column":56}},"5":{"start":{"line":22,"column":6},"end":{"line":22,"column":39}},"6":{"start":{"line":27,"column":18},"end":{"line":27,"column":49}},"7":{"start":{"line":27,"column":24},"end":{"line":27,"column":49}},"8":{"start":{"line":29,"column":20},"end":{"line":29,"column":46}},"9":{"start":{"line":29,"column":26},"end":{"line":29,"column":46}},"10":{"start":{"line":31,"column":2},"end":{"line":41,"column":41}},"11":{"start":{"line":32,"column":17},"end":{"line":32,"column":49}},"12":{"start":{"line":34,"column":4},"end":{"line":34,"column":22}},"13":{"start":{"line":36,"column":4},"end":{"line":40,"column":5}},"14":{"start":{"line":37,"column":6},"end":{"line":37,"column":32}},"15":{"start":{"line":39,"column":6},"end":{"line":39,"column":27}},"16":{"start":{"line":43,"column":2},"end":{"line":47,"column":4}}},"fnMap":{"0":{"name":"(anonymous_0)","decl":{"start":{"line":11,"column":26},"end":{"line":11,"column":27}},"loc":{"start":{"line":15,"column":20},"end":{"line":48,"column":1}},"line":15},"1":{"name":"(anonymous_1)","decl":{"start":{"line":20,"column":4},"end":{"line":20,"column":5}},"loc":{"start":{"line":20,"column":17},"end":{"line":23,"column":5}},"line":20},"2":{"name":"(anonymous_2)","decl":{"start":{"line":27,"column":18},"end":{"line":27,"column":19}},"loc":{"start":{"line":27,"column":24},"end":{"line":27,"column":49}},"line":27},"3":{"name":"(anonymous_3)","decl":{"start":{"line":29,"column":20},"end":{"line":29,"column":21}},"loc":{"start":{"line":29,"column":26},"end":{"line":29,"column":46}},"line":29},"4":{"name":"(anonymous_4)","decl":{"start":{"line":31,"column":12},"end":{"line":31,"column":13}},"loc":{"start":{"line":31,"column":18},"end":{"line":41,"column":3}},"line":31}},"branchMap":{"0":{"loc":{"start":{"line":14,"column":2},"end":{"line":14,"column":36}},"type":"default-arg","locations":[{"start":{"line":14,"column":29},"end":{"line":14,"column":36}}],"line":14},"1":{"loc":{"start":{"line":17,"column":18},"end":{"line":17,"column":73}},"type":"cond-expr","locations":[{"start":{"line":17,"column":44},"end":{"line":17,"column":56}},{"start":{"line":17,"column":59},"end":{"line":17,"column":73}}],"line":17},"2":{"loc":{"start":{"line":36,"column":4},"end":{"line":40,"column":5}},"type":"if","locations":[{"start":{"line":36,"column":4},"end":{"line":40,"column":5}},{"start":{"line":38,"column":11},"end":{"line":40,"column":5}}],"line":36}},"s":{"0":1,"1":8,"2":8,"3":8,"4":11,"5":11,"6":8,"7":2,"8":8,"9":1,"10":8,"11":7,"12":7,"13":7,"14":0,"15":7,"16":8},"f":{"0":8,"1":11,"2":2,"3":1,"4":7},"b":{"0":[3],"1":[6,2],"2":[0,7]},"_coverageSchema":"1a1c01bbd47fc00a2c39e90264f33305004495a9","hash":"0526414c142ebdb23c84458d8c81bd6bde635816"}
}
